0 info it worked if it ends with ok
1 verbose cli [ '/usr/bin/node',
1 verbose cli   '/usr/bin/npm',
1 verbose cli   'i',
1 verbose cli   'json-server',
1 verbose cli   'cors',
1 verbose cli   'json-serve' ]
2 info using npm@3.5.2
3 info using node@v8.10.0
4 silly loadCurrentTree Starting
5 silly install loadCurrentTree
6 silly install readLocalPackageData
7 silly fetchPackageMetaData json-server
8 silly fetchPackageMetaData cors
9 silly fetchPackageMetaData json-serve
10 silly fetchNamedPackageData json-server
11 silly mapToRegistry name json-server
12 silly mapToRegistry using default registry
13 silly mapToRegistry registry https://registry.npmjs.org/
14 silly mapToRegistry uri https://registry.npmjs.org/json-server
15 silly fetchNamedPackageData cors
16 silly mapToRegistry name cors
17 silly mapToRegistry using default registry
18 silly mapToRegistry registry https://registry.npmjs.org/
19 silly mapToRegistry uri https://registry.npmjs.org/cors
20 silly fetchNamedPackageData json-serve
21 silly mapToRegistry name json-serve
22 silly mapToRegistry using default registry
23 silly mapToRegistry registry https://registry.npmjs.org/
24 silly mapToRegistry uri https://registry.npmjs.org/json-serve
25 verbose request uri https://registry.npmjs.org/json-serve
26 verbose request no auth needed
27 info attempt registry request try #1 at 3:37:09 PM
28 verbose request id b446cb61688ef423
29 http request GET https://registry.npmjs.org/json-serve
30 verbose request uri https://registry.npmjs.org/json-server
31 verbose request no auth needed
32 info attempt registry request try #1 at 3:37:09 PM
33 http request GET https://registry.npmjs.org/json-server
34 verbose request uri https://registry.npmjs.org/cors
35 verbose request no auth needed
36 info attempt registry request try #1 at 3:37:10 PM
37 verbose etag W/"c1968a7f84bc325d63a7f5bdd9fef341"
38 verbose lastModified Thu, 16 Mar 2023 10:50:38 GMT
39 http request GET https://registry.npmjs.org/cors
40 http 304 https://registry.npmjs.org/cors
41 verbose headers { date: 'Thu, 11 Jan 2024 10:07:10 GMT',
41 verbose headers   connection: 'keep-alive',
41 verbose headers   'cf-ray': '843c59e9ecff17a7-MAA',
41 verbose headers   'cf-cache-status': 'HIT',
41 verbose headers   'cache-control': 'public, max-age=300',
41 verbose headers   etag: '"c1968a7f84bc325d63a7f5bdd9fef341"',
41 verbose headers   'last-modified': 'Thu, 16 Mar 2023 10:50:38 GMT',
41 verbose headers   vary: 'Accept-Encoding',
41 verbose headers   server: 'cloudflare' }
42 silly get cb [ 304,
42 silly get   { date: 'Thu, 11 Jan 2024 10:07:10 GMT',
42 silly get     connection: 'keep-alive',
42 silly get     'cf-ray': '843c59e9ecff17a7-MAA',
42 silly get     'cf-cache-status': 'HIT',
42 silly get     'cache-control': 'public, max-age=300',
42 silly get     etag: '"c1968a7f84bc325d63a7f5bdd9fef341"',
42 silly get     'last-modified': 'Thu, 16 Mar 2023 10:50:38 GMT',
42 silly get     vary: 'Accept-Encoding',
42 silly get     server: 'cloudflare' } ]
43 verbose etag https://registry.npmjs.org/cors from cache
44 verbose get saving cors to /home/sahle/.npm/registry.npmjs.org/cors/.cache.json
45 http 200 https://registry.npmjs.org/json-server
46 verbose headers { date: 'Thu, 11 Jan 2024 10:07:10 GMT',
46 verbose headers   'content-type': 'application/json',
46 verbose headers   'transfer-encoding': 'chunked',
46 verbose headers   connection: 'keep-alive',
46 verbose headers   'cf-ray': '843c59e9de13a929-MAA',
46 verbose headers   'cf-cache-status': 'HIT',
46 verbose headers   'access-control-allow-origin': '*',
46 verbose headers   'cache-control': 'public, max-age=300',
46 verbose headers   etag: 'W/"538e510ba6f9db2f3d3475f2249e7c54"',
46 verbose headers   'last-modified': 'Thu, 11 Jan 2024 06:37:52 GMT',
46 verbose headers   vary: 'accept-encoding, accept',
46 verbose headers   server: 'cloudflare',
46 verbose headers   'content-encoding': 'gzip' }
47 silly get cb [ 200,
47 silly get   { date: 'Thu, 11 Jan 2024 10:07:10 GMT',
47 silly get     'content-type': 'application/json',
47 silly get     'transfer-encoding': 'chunked',
47 silly get     connection: 'keep-alive',
47 silly get     'cf-ray': '843c59e9de13a929-MAA',
47 silly get     'cf-cache-status': 'HIT',
47 silly get     'access-control-allow-origin': '*',
47 silly get     'cache-control': 'public, max-age=300',
47 silly get     etag: 'W/"538e510ba6f9db2f3d3475f2249e7c54"',
47 silly get     'last-modified': 'Thu, 11 Jan 2024 06:37:52 GMT',
47 silly get     vary: 'accept-encoding, accept',
47 silly get     server: 'cloudflare',
47 silly get     'content-encoding': 'gzip' } ]
48 verbose get saving json-server to /home/sahle/.npm/registry.npmjs.org/json-server/.cache.json
49 http 200 https://registry.npmjs.org/json-serve
50 verbose headers { date: 'Thu, 11 Jan 2024 10:07:11 GMT',
50 verbose headers   'content-type': 'application/json',
50 verbose headers   'transfer-encoding': 'chunked',
50 verbose headers   connection: 'keep-alive',
50 verbose headers   'cf-ray': '843c59e9da0bb29d-MAA',
50 verbose headers   'cf-cache-status': 'REVALIDATED',
50 verbose headers   'access-control-allow-origin': '*',
50 verbose headers   'cache-control': 'public, max-age=300',
50 verbose headers   etag: 'W/"34cffca890b0cb6a5665e390c0f83cf6"',
50 verbose headers   'last-modified': 'Sun, 19 Jun 2022 06:25:46 GMT',
50 verbose headers   vary: 'accept-encoding, accept',
50 verbose headers   server: 'cloudflare',
50 verbose headers   'content-encoding': 'gzip' }
51 silly get cb [ 200,
51 silly get   { date: 'Thu, 11 Jan 2024 10:07:11 GMT',
51 silly get     'content-type': 'application/json',
51 silly get     'transfer-encoding': 'chunked',
51 silly get     connection: 'keep-alive',
51 silly get     'cf-ray': '843c59e9da0bb29d-MAA',
51 silly get     'cf-cache-status': 'REVALIDATED',
51 silly get     'access-control-allow-origin': '*',
51 silly get     'cache-control': 'public, max-age=300',
51 silly get     etag: 'W/"34cffca890b0cb6a5665e390c0f83cf6"',
51 silly get     'last-modified': 'Sun, 19 Jun 2022 06:25:46 GMT',
51 silly get     vary: 'accept-encoding, accept',
51 silly get     server: 'cloudflare',
51 silly get     'content-encoding': 'gzip' } ]
52 verbose get saving json-serve to /home/sahle/.npm/registry.npmjs.org/json-serve/.cache.json
53 silly install normalizeTree
54 silly loadCurrentTree Finishing
55 silly loadIdealTree Starting
56 silly install loadIdealTree
57 silly cloneCurrentTree Starting
58 silly install cloneCurrentTreeToIdealTree
59 silly cloneCurrentTree Finishing
60 silly loadShrinkwrap Starting
61 silly install loadShrinkwrap
62 silly loadShrinkwrap Finishing
63 silly loadAllDepsIntoIdealTree Starting
64 silly install loadAllDepsIntoIdealTree
65 verbose stack Error: Missing required argument #1
65 verbose stack     at andLogAndFinish (/usr/share/npm/lib/fetch-package-metadata.js:31:3)
65 verbose stack     at fetchPackageMetadata (/usr/share/npm/lib/fetch-package-metadata.js:51:22)
65 verbose stack     at resolveWithNewModule (/usr/share/npm/lib/install/deps.js:456:12)
65 verbose stack     at /usr/share/npm/lib/install/deps.js:190:5
65 verbose stack     at /usr/share/npm/node_modules/slide/lib/async-map.js:52:35
65 verbose stack     at Array.forEach (<anonymous>)
65 verbose stack     at /usr/share/npm/node_modules/slide/lib/async-map.js:52:11
65 verbose stack     at Array.forEach (<anonymous>)
65 verbose stack     at asyncMap (/usr/share/npm/node_modules/slide/lib/async-map.js:51:8)
65 verbose stack     at exports.loadRequestedDeps (/usr/share/npm/lib/install/deps.js:188:3)
66 verbose cwd /home/sahle/Desktop/StoreData/dbjson
67 error Linux 4.15.0-213-generic
68 error argv "/usr/bin/node" "/usr/bin/npm" "i" "json-server" "cors" "json-serve"
69 error node v8.10.0
70 error npm  v3.5.2
71 error code EMISSINGARG
72 error typeerror Error: Missing required argument #1
72 error typeerror     at andLogAndFinish (/usr/share/npm/lib/fetch-package-metadata.js:31:3)
72 error typeerror     at fetchPackageMetadata (/usr/share/npm/lib/fetch-package-metadata.js:51:22)
72 error typeerror     at resolveWithNewModule (/usr/share/npm/lib/install/deps.js:456:12)
72 error typeerror     at /usr/share/npm/lib/install/deps.js:190:5
72 error typeerror     at /usr/share/npm/node_modules/slide/lib/async-map.js:52:35
72 error typeerror     at Array.forEach (<anonymous>)
72 error typeerror     at /usr/share/npm/node_modules/slide/lib/async-map.js:52:11
72 error typeerror     at Array.forEach (<anonymous>)
72 error typeerror     at asyncMap (/usr/share/npm/node_modules/slide/lib/async-map.js:51:8)
72 error typeerror     at exports.loadRequestedDeps (/usr/share/npm/lib/install/deps.js:188:3)
73 error typeerror This is an error with npm itself. Please report this error at:
73 error typeerror     <http://github.com/npm/npm/issues>
74 verbose exit [ 1, true ]
